2025-03-25T10:50:51.043+03:00  INFO 14432 --- [main] com.example.market.SpringBootMarket      : Starting SpringBootMarket using Java 19.0.2 with PID 14432 (C:\Users\37529\IdeaProjects\SpringBootMarket\build\classes\java\main started by 37529 in C:\Users\37529\IdeaProjects\SpringBootMarket)
2025-03-25T10:50:51.050+03:00 DEBUG 14432 --- [main] com.example.market.SpringBootMarket      : Running with Spring Boot v3.1.5, Spring v6.0.13
2025-03-25T10:50:51.052+03:00  INFO 14432 --- [main] com.example.market.SpringBootMarket      : No active profile set, falling back to 1 default profile: "default"
2025-03-25T10:50:53.530+03:00  INFO 14432 --- [main] .s.d.r.c.RepositoryConfigurationDelegate : Multiple Spring Data modules found, entering strict repository configuration mode
2025-03-25T10:50:53.532+03:00  INFO 14432 --- [main] .s.d.r.c.RepositoryConfigurationDelegate : Bootstrapping Spring Data JPA repositories in DEFAULT mode.
2025-03-25T10:50:53.781+03:00  INFO 14432 --- [main] .s.d.r.c.RepositoryConfigurationDelegate : Finished Spring Data repository scanning in 241 ms. Found 4 JPA repository interfaces.
2025-03-25T10:50:53.804+03:00  INFO 14432 --- [main] .s.d.r.c.RepositoryConfigurationDelegate : Multiple Spring Data modules found, entering strict repository configuration mode
2025-03-25T10:50:53.805+03:00  INFO 14432 --- [main] .s.d.r.c.RepositoryConfigurationDelegate : Bootstrapping Spring Data Redis repositories in DEFAULT mode.
2025-03-25T10:50:53.839+03:00  INFO 14432 --- [main] .RepositoryConfigurationExtensionSupport : Spring Data Redis - Could not safely identify store assignment for repository candidate interface com.example.market.repository.BookRepository; If you want this repository to be a Redis repository, consider annotating your entities with one of these annotations: org.springframework.data.redis.core.RedisHash (preferred), or consider extending one of the following types with your repository: org.springframework.data.keyvalue.repository.KeyValueRepository
2025-03-25T10:50:53.839+03:00  INFO 14432 --- [main] .RepositoryConfigurationExtensionSupport : Spring Data Redis - Could not safely identify store assignment for repository candidate interface com.example.market.repository.CartItemRepository; If you want this repository to be a Redis repository, consider annotating your entities with one of these annotations: org.springframework.data.redis.core.RedisHash (preferred), or consider extending one of the following types with your repository: org.springframework.data.keyvalue.repository.KeyValueRepository
2025-03-25T10:50:53.840+03:00  INFO 14432 --- [main] .RepositoryConfigurationExtensionSupport : Spring Data Redis - Could not safely identify store assignment for repository candidate interface com.example.market.repository.CartRepository; If you want this repository to be a Redis repository, consider annotating your entities with one of these annotations: org.springframework.data.redis.core.RedisHash (preferred), or consider extending one of the following types with your repository: org.springframework.data.keyvalue.repository.KeyValueRepository
2025-03-25T10:50:53.840+03:00  INFO 14432 --- [main] .RepositoryConfigurationExtensionSupport : Spring Data Redis - Could not safely identify store assignment for repository candidate interface com.example.market.repository.UserRepository; If you want this repository to be a Redis repository, consider annotating your entities with one of these annotations: org.springframework.data.redis.core.RedisHash (preferred), or consider extending one of the following types with your repository: org.springframework.data.keyvalue.repository.KeyValueRepository
2025-03-25T10:50:53.841+03:00  INFO 14432 --- [main] .s.d.r.c.RepositoryConfigurationDelegate : Finished Spring Data repository scanning in 19 ms. Found 0 Redis repository interfaces.
2025-03-25T10:50:55.218+03:00  INFO 14432 --- [main] o.s.b.w.embedded.tomcat.TomcatWebServer  : Tomcat initialized with port(s): 8080 (http)
2025-03-25T10:50:55.232+03:00  INFO 14432 --- [main] o.apache.catalina.core.StandardService   : Starting service [Tomcat]
2025-03-25T10:50:55.232+03:00  INFO 14432 --- [main] o.apache.catalina.core.StandardEngine    : Starting Servlet engine: [Apache Tomcat/10.1.15]
2025-03-25T10:50:55.395+03:00  INFO 14432 --- [main] o.a.c.c.C.[Tomcat].[localhost].[/]       : Initializing Spring embedded WebApplicationContext
2025-03-25T10:50:55.396+03:00  INFO 14432 --- [main] w.s.c.ServletWebServerApplicationContext : Root WebApplicationContext: initialization completed in 4217 ms
2025-03-25T10:50:55.855+03:00  INFO 14432 --- [main] o.f.c.i.resource.ResourceNameValidator   : 1 SQL migrations were detected but not run because they did not follow the filename convention.
2025-03-25T10:50:55.857+03:00  INFO 14432 --- [main] o.f.c.i.resource.ResourceNameValidator   : If this is in error, set 'validateMigrationNaming' to true to fail fast and see a list of the invalid file names.
2025-03-25T10:50:55.859+03:00  INFO 14432 --- [main] com.zaxxer.hikari.HikariDataSource       : HikariPool-1 - Starting...
2025-03-25T10:50:56.026+03:00  INFO 14432 --- [main] com.zaxxer.hikari.pool.HikariPool        : HikariPool-1 - Added connection org.postgresql.jdbc.PgConnection@7544260a
2025-03-25T10:50:56.030+03:00  INFO 14432 --- [main] com.zaxxer.hikari.HikariDataSource       : HikariPool-1 - Start completed.
2025-03-25T10:50:56.095+03:00  WARN 14432 --- [main] o.f.c.internal.database.base.Database    : Flyway upgrade recommended: PostgreSQL 17.4 is newer than this version of Flyway and support has not been tested. The latest supported version of PostgreSQL is 15.
2025-03-25T10:50:56.160+03:00  INFO 14432 --- [main] o.f.core.internal.command.DbValidate     : Successfully validated 5 migrations (execution time 00:00.049s)
2025-03-25T10:50:56.189+03:00  INFO 14432 --- [main] o.f.core.internal.command.DbMigrate      : Current version of schema "public": 7
2025-03-25T10:50:56.190+03:00  INFO 14432 --- [main] o.f.core.internal.command.DbMigrate      : Schema "public" is up to date. No migration necessary.
2025-03-25T10:50:56.319+03:00  INFO 14432 --- [main] o.hibernate.jpa.internal.util.LogHelper  : HHH000204: Processing PersistenceUnitInfo [name: default]
2025-03-25T10:50:56.406+03:00  INFO 14432 --- [main] org.hibernate.Version                    : HHH000412: Hibernate ORM core version 6.2.13.Final
2025-03-25T10:50:56.411+03:00  INFO 14432 --- [main] org.hibernate.cfg.Environment            : HHH000406: Using bytecode reflection optimizer
2025-03-25T10:50:57.020+03:00  INFO 14432 --- [main] o.s.o.j.p.SpringPersistenceUnitInfo      : No LoadTimeWeaver setup: ignoring JPA class transformer
2025-03-25T10:50:59.011+03:00  INFO 14432 --- [main] o.h.e.t.j.p.i.JtaPlatformInitiator       : HHH000489: No JTA platform available (set 'hibernate.transaction.jta.platform' to enable JTA platform integration)
2025-03-25T10:50:59.197+03:00  INFO 14432 --- [main] j.LocalContainerEntityManagerFactoryBean : Initialized JPA EntityManagerFactory for persistence unit 'default'
2025-03-25T10:50:59.839+03:00 DEBUG 14432 --- [main] c.e.m.c.JwtAuthenticationFilter          : Filter 'jwtAuthenticationFilter' configured for use
2025-03-25T10:51:01.481+03:00  WARN 14432 --- [main] JpaBaseConfiguration$JpaWebConfiguration : spring.jpa.open-in-view is enabled by default. Therefore, database queries may be performed during view rendering. Explicitly configure spring.jpa.open-in-view to disable this warning
2025-03-25T10:51:02.749+03:00  INFO 14432 --- [main] o.s.b.a.e.web.EndpointLinksResolver      : Exposing 3 endpoint(s) beneath base path '/actuator'
2025-03-25T10:51:02.887+03:00  INFO 14432 --- [main] o.s.s.web.DefaultSecurityFilterChain     : Will secure any request with [org.springframework.security.web.session.DisableEncodeUrlFilter@8a607a9, org.springframework.security.web.context.request.async.WebAsyncManagerIntegrationFilter@4ed8ae9f, org.springframework.security.web.context.SecurityContextHolderFilter@4678e08e, org.springframework.security.web.header.HeaderWriterFilter@78ae9b9c, org.springframework.web.filter.CorsFilter@5a618847, org.springframework.security.web.authentication.logout.LogoutFilter@1a5e19fe, com.example.market.configuration.JwtAuthenticationFilter@40a360e6, org.springframework.security.web.savedrequest.RequestCacheAwareFilter@37403f66, org.springframework.security.web.servletapi.SecurityContextHolderAwareRequestFilter@cd8e702, org.springframework.security.web.authentication.AnonymousAuthenticationFilter@1b3606e8, org.springframework.security.web.session.SessionManagementFilter@1a9b9095, org.springframework.security.web.access.ExceptionTranslationFilter@687e9f0b, org.springframework.security.web.access.intercept.AuthorizationFilter@ab98032]
2025-03-25T10:51:04.213+03:00  INFO 14432 --- [main] o.apache.catalina.core.StandardService   : Stopping service [Tomcat]
2025-03-25T10:51:04.219+03:00  WARN 14432 --- [main] o.a.c.loader.WebappClassLoaderBase       : The web application [ROOT] appears to have started a thread named [HikariPool-1 housekeeper] but has failed to stop it. This is very likely to create a memory leak. Stack trace of thread:
 java.base/jdk.internal.misc.Unsafe.park(Native Method)
 java.base/java.util.concurrent.locks.LockSupport.parkNanos(LockSupport.java:269)
 java.base/java.util.concurrent.locks.AbstractQueuedSynchronizer$ConditionObject.awaitNanos(AbstractQueuedSynchronizer.java:1674)
 java.base/java.util.concurrent.ScheduledThreadPoolExecutor$DelayedWorkQueue.take(ScheduledThreadPoolExecutor.java:1182)
 java.base/java.util.concurrent.ScheduledThreadPoolExecutor$DelayedWorkQueue.take(ScheduledThreadPoolExecutor.java:899)
 java.base/java.util.concurrent.ThreadPoolExecutor.getTask(ThreadPoolExecutor.java:1070)
 java.base/java.util.concurrent.ThreadPoolExecutor.runWorker(ThreadPoolExecutor.java:1130)
 java.base/java.util.concurrent.ThreadPoolExecutor$Worker.run(ThreadPoolExecutor.java:642)
 java.base/java.lang.Thread.run(Thread.java:1589)
2025-03-25T10:51:04.250+03:00  INFO 14432 --- [main] .s.b.a.l.ConditionEvaluationReportLogger : 

Error starting ApplicationContext. To display the condition evaluation report re-run your application with 'debug' enabled.
2025-03-25T10:51:04.280+03:00 ERROR 14432 --- [main] o.s.boot.SpringApplication               : Application run failed

org.springframework.boot.actuate.autoconfigure.health.HealthEndpointConfiguration$HealthEndpointGroupMembershipValidator$NoSuchHealthContributorException: Included health contributor 'kafka' in group 'readiness' does not exist
	at org.springframework.boot.actuate.autoconfigure.health.HealthEndpointConfiguration$HealthEndpointGroupMembershipValidator.validate(HealthEndpointConfiguration.java:259) ~[spring-boot-actuator-autoconfigure-3.1.5.jar:3.1.5]
	at org.springframework.boot.actuate.autoconfigure.health.HealthEndpointConfiguration$HealthEndpointGroupMembershipValidator.lambda$validateGroups$0(HealthEndpointConfiguration.java:244) ~[spring-boot-actuator-autoconfigure-3.1.5.jar:3.1.5]
	at java.base/java.util.LinkedHashMap.forEach(LinkedHashMap.java:729) ~[na:na]
	at org.springframework.boot.actuate.autoconfigure.health.HealthEndpointConfiguration$HealthEndpointGroupMembershipValidator.validateGroups(HealthEndpointConfiguration.java:243) ~[spring-boot-actuator-autoconfigure-3.1.5.jar:3.1.5]
	at org.springframework.boot.actuate.autoconfigure.health.HealthEndpointConfiguration$HealthEndpointGroupMembershipValidator.afterSingletonsInstantiated(HealthEndpointConfiguration.java:239) ~[spring-boot-actuator-autoconfigure-3.1.5.jar:3.1.5]
	at org.springframework.beans.factory.support.DefaultListableBeanFactory.preInstantiateSingletons(DefaultListableBeanFactory.java:984) ~[spring-beans-6.0.13.jar:6.0.13]
	at org.springframework.context.support.AbstractApplicationContext.finishBeanFactoryInitialization(AbstractApplicationContext.java:950) ~[spring-context-6.0.13.jar:6.0.13]
	at org.springframework.context.support.AbstractApplicationContext.refresh(AbstractApplicationContext.java:616) ~[spring-context-6.0.13.jar:6.0.13]
	at org.springframework.boot.web.servlet.context.ServletWebServerApplicationContext.refresh(ServletWebServerApplicationContext.java:146) ~[spring-boot-3.1.5.jar:3.1.5]
	at org.springframework.boot.SpringApplication.refresh(SpringApplication.java:738) ~[spring-boot-3.1.5.jar:3.1.5]
	at org.springframework.boot.SpringApplication.refreshContext(SpringApplication.java:440) ~[spring-boot-3.1.5.jar:3.1.5]
	at org.springframework.boot.SpringApplication.run(SpringApplication.java:316) ~[spring-boot-3.1.5.jar:3.1.5]
	at org.springframework.boot.SpringApplication.run(SpringApplication.java:1306) ~[spring-boot-3.1.5.jar:3.1.5]
	at org.springframework.boot.SpringApplication.run(SpringApplication.java:1295) ~[spring-boot-3.1.5.jar:3.1.5]
	at com.example.market.SpringBootMarket.main(SpringBootMarket.java:15) ~[main/:na]

2025-03-25T10:51:04.308+03:00  INFO 14432 --- [main] j.LocalContainerEntityManagerFactoryBean : Closing JPA EntityManagerFactory for persistence unit 'default'
2025-03-25T10:51:04.312+03:00  INFO 14432 --- [main] com.zaxxer.hikari.HikariDataSource       : HikariPool-1 - Shutdown initiated...
2025-03-25T10:51:04.317+03:00  INFO 14432 --- [main] com.zaxxer.hikari.HikariDataSource       : HikariPool-1 - Shutdown completed.
2025-03-25T10:51:12.122+03:00  INFO 4896 --- [main] com.example.market.SpringBootMarket      : Starting SpringBootMarket using Java 19.0.2 with PID 4896 (C:\Users\37529\IdeaProjects\SpringBootMarket\build\classes\java\main started by 37529 in C:\Users\37529\IdeaProjects\SpringBootMarket)
2025-03-25T10:51:12.131+03:00 DEBUG 4896 --- [main] com.example.market.SpringBootMarket      : Running with Spring Boot v3.1.5, Spring v6.0.13
2025-03-25T10:51:12.133+03:00  INFO 4896 --- [main] com.example.market.SpringBootMarket      : No active profile set, falling back to 1 default profile: "default"
2025-03-25T10:51:14.349+03:00  INFO 4896 --- [main] .s.d.r.c.RepositoryConfigurationDelegate : Multiple Spring Data modules found, entering strict repository configuration mode
2025-03-25T10:51:14.353+03:00  INFO 4896 --- [main] .s.d.r.c.RepositoryConfigurationDelegate : Bootstrapping Spring Data JPA repositories in DEFAULT mode.
2025-03-25T10:51:14.709+03:00  INFO 4896 --- [main] .s.d.r.c.RepositoryConfigurationDelegate : Finished Spring Data repository scanning in 338 ms. Found 4 JPA repository interfaces.
2025-03-25T10:51:14.753+03:00  INFO 4896 --- [main] .s.d.r.c.RepositoryConfigurationDelegate : Multiple Spring Data modules found, entering strict repository configuration mode
2025-03-25T10:51:14.754+03:00  INFO 4896 --- [main] .s.d.r.c.RepositoryConfigurationDelegate : Bootstrapping Spring Data Redis repositories in DEFAULT mode.
2025-03-25T10:51:14.775+03:00  INFO 4896 --- [main] .RepositoryConfigurationExtensionSupport : Spring Data Redis - Could not safely identify store assignment for repository candidate interface com.example.market.repository.BookRepository; If you want this repository to be a Redis repository, consider annotating your entities with one of these annotations: org.springframework.data.redis.core.RedisHash (preferred), or consider extending one of the following types with your repository: org.springframework.data.keyvalue.repository.KeyValueRepository
2025-03-25T10:51:14.776+03:00  INFO 4896 --- [main] .RepositoryConfigurationExtensionSupport : Spring Data Redis - Could not safely identify store assignment for repository candidate interface com.example.market.repository.CartItemRepository; If you want this repository to be a Redis repository, consider annotating your entities with one of these annotations: org.springframework.data.redis.core.RedisHash (preferred), or consider extending one of the following types with your repository: org.springframework.data.keyvalue.repository.KeyValueRepository
2025-03-25T10:51:14.776+03:00  INFO 4896 --- [main] .RepositoryConfigurationExtensionSupport : Spring Data Redis - Could not safely identify store assignment for repository candidate interface com.example.market.repository.CartRepository; If you want this repository to be a Redis repository, consider annotating your entities with one of these annotations: org.springframework.data.redis.core.RedisHash (preferred), or consider extending one of the following types with your repository: org.springframework.data.keyvalue.repository.KeyValueRepository
2025-03-25T10:51:14.776+03:00  INFO 4896 --- [main] .RepositoryConfigurationExtensionSupport : Spring Data Redis - Could not safely identify store assignment for repository candidate interface com.example.market.repository.UserRepository; If you want this repository to be a Redis repository, consider annotating your entities with one of these annotations: org.springframework.data.redis.core.RedisHash (preferred), or consider extending one of the following types with your repository: org.springframework.data.keyvalue.repository.KeyValueRepository
2025-03-25T10:51:14.776+03:00  INFO 4896 --- [main] .s.d.r.c.RepositoryConfigurationDelegate : Finished Spring Data repository scanning in 12 ms. Found 0 Redis repository interfaces.
2025-03-25T10:51:15.917+03:00  INFO 4896 --- [main] o.s.b.w.embedded.tomcat.TomcatWebServer  : Tomcat initialized with port(s): 8080 (http)
2025-03-25T10:51:15.938+03:00  INFO 4896 --- [main] o.apache.catalina.core.StandardService   : Starting service [Tomcat]
2025-03-25T10:51:15.938+03:00  INFO 4896 --- [main] o.apache.catalina.core.StandardEngine    : Starting Servlet engine: [Apache Tomcat/10.1.15]
2025-03-25T10:51:16.075+03:00  INFO 4896 --- [main] o.a.c.c.C.[Tomcat].[localhost].[/]       : Initializing Spring embedded WebApplicationContext
2025-03-25T10:51:16.076+03:00  INFO 4896 --- [main] w.s.c.ServletWebServerApplicationContext : Root WebApplicationContext: initialization completed in 3875 ms
2025-03-25T10:51:16.578+03:00  INFO 4896 --- [main] o.f.c.i.resource.ResourceNameValidator   : 1 SQL migrations were detected but not run because they did not follow the filename convention.
2025-03-25T10:51:16.578+03:00  INFO 4896 --- [main] o.f.c.i.resource.ResourceNameValidator   : If this is in error, set 'validateMigrationNaming' to true to fail fast and see a list of the invalid file names.
2025-03-25T10:51:16.581+03:00  INFO 4896 --- [main] com.zaxxer.hikari.HikariDataSource       : HikariPool-1 - Starting...
2025-03-25T10:51:16.751+03:00  INFO 4896 --- [main] com.zaxxer.hikari.pool.HikariPool        : HikariPool-1 - Added connection org.postgresql.jdbc.PgConnection@727956bb
2025-03-25T10:51:16.754+03:00  INFO 4896 --- [main] com.zaxxer.hikari.HikariDataSource       : HikariPool-1 - Start completed.
2025-03-25T10:51:16.844+03:00  WARN 4896 --- [main] o.f.c.internal.database.base.Database    : Flyway upgrade recommended: PostgreSQL 17.4 is newer than this version of Flyway and support has not been tested. The latest supported version of PostgreSQL is 15.
2025-03-25T10:51:16.913+03:00  INFO 4896 --- [main] o.f.core.internal.command.DbValidate     : Successfully validated 5 migrations (execution time 00:00.050s)
2025-03-25T10:51:16.939+03:00  INFO 4896 --- [main] o.f.core.internal.command.DbMigrate      : Current version of schema "public": 7
2025-03-25T10:51:16.941+03:00  INFO 4896 --- [main] o.f.core.internal.command.DbMigrate      : Schema "public" is up to date. No migration necessary.
2025-03-25T10:51:17.069+03:00  INFO 4896 --- [main] o.hibernate.jpa.internal.util.LogHelper  : HHH000204: Processing PersistenceUnitInfo [name: default]
2025-03-25T10:51:17.149+03:00  INFO 4896 --- [main] org.hibernate.Version                    : HHH000412: Hibernate ORM core version 6.2.13.Final
2025-03-25T10:51:17.153+03:00  INFO 4896 --- [main] org.hibernate.cfg.Environment            : HHH000406: Using bytecode reflection optimizer
2025-03-25T10:51:17.605+03:00  INFO 4896 --- [main] o.s.o.j.p.SpringPersistenceUnitInfo      : No LoadTimeWeaver setup: ignoring JPA class transformer
2025-03-25T10:51:19.454+03:00  INFO 4896 --- [main] o.h.e.t.j.p.i.JtaPlatformInitiator       : HHH000489: No JTA platform available (set 'hibernate.transaction.jta.platform' to enable JTA platform integration)
2025-03-25T10:51:19.639+03:00  INFO 4896 --- [main] j.LocalContainerEntityManagerFactoryBean : Initialized JPA EntityManagerFactory for persistence unit 'default'
2025-03-25T10:51:20.204+03:00 DEBUG 4896 --- [main] c.e.m.c.JwtAuthenticationFilter          : Filter 'jwtAuthenticationFilter' configured for use
2025-03-25T10:51:21.403+03:00  WARN 4896 --- [main] JpaBaseConfiguration$JpaWebConfiguration : spring.jpa.open-in-view is enabled by default. Therefore, database queries may be performed during view rendering. Explicitly configure spring.jpa.open-in-view to disable this warning
2025-03-25T10:51:22.676+03:00  INFO 4896 --- [main] o.s.b.a.e.web.EndpointLinksResolver      : Exposing 3 endpoint(s) beneath base path '/actuator'
2025-03-25T10:51:22.845+03:00  INFO 4896 --- [main] o.s.s.web.DefaultSecurityFilterChain     : Will secure any request with [org.springframework.security.web.session.DisableEncodeUrlFilter@efa6a81, org.springframework.security.web.context.request.async.WebAsyncManagerIntegrationFilter@573e38c, org.springframework.security.web.context.SecurityContextHolderFilter@2799f9a, org.springframework.security.web.header.HeaderWriterFilter@c2cc406, org.springframework.web.filter.CorsFilter@3983b06d, org.springframework.security.web.authentication.logout.LogoutFilter@18cdacd, com.example.market.configuration.JwtAuthenticationFilter@4a9c188f, org.springframework.security.web.savedrequest.RequestCacheAwareFilter@67d90687, org.springframework.security.web.servletapi.SecurityContextHolderAwareRequestFilter@136dc728, org.springframework.security.web.authentication.AnonymousAuthenticationFilter@5d5822bc, org.springframework.security.web.session.SessionManagementFilter@5920c4ed, org.springframework.security.web.access.ExceptionTranslationFilter@2cf7ada5, org.springframework.security.web.access.intercept.AuthorizationFilter@9504a58]
2025-03-25T10:51:24.066+03:00  INFO 4896 --- [main] o.apache.catalina.core.StandardService   : Stopping service [Tomcat]
2025-03-25T10:51:24.072+03:00  WARN 4896 --- [main] o.a.c.loader.WebappClassLoaderBase       : The web application [ROOT] appears to have started a thread named [HikariPool-1 housekeeper] but has failed to stop it. This is very likely to create a memory leak. Stack trace of thread:
 java.base/jdk.internal.misc.Unsafe.park(Native Method)
 java.base/java.util.concurrent.locks.LockSupport.parkNanos(LockSupport.java:269)
 java.base/java.util.concurrent.locks.AbstractQueuedSynchronizer$ConditionObject.awaitNanos(AbstractQueuedSynchronizer.java:1674)
 java.base/java.util.concurrent.ScheduledThreadPoolExecutor$DelayedWorkQueue.take(ScheduledThreadPoolExecutor.java:1182)
 java.base/java.util.concurrent.ScheduledThreadPoolExecutor$DelayedWorkQueue.take(ScheduledThreadPoolExecutor.java:899)
 java.base/java.util.concurrent.ThreadPoolExecutor.getTask(ThreadPoolExecutor.java:1070)
 java.base/java.util.concurrent.ThreadPoolExecutor.runWorker(ThreadPoolExecutor.java:1130)
 java.base/java.util.concurrent.ThreadPoolExecutor$Worker.run(ThreadPoolExecutor.java:642)
 java.base/java.lang.Thread.run(Thread.java:1589)
2025-03-25T10:51:24.114+03:00  INFO 4896 --- [main] .s.b.a.l.ConditionEvaluationReportLogger : 

Error starting ApplicationContext. To display the condition evaluation report re-run your application with 'debug' enabled.
2025-03-25T10:51:24.160+03:00 ERROR 4896 --- [main] o.s.boot.SpringApplication               : Application run failed

org.springframework.boot.actuate.autoconfigure.health.HealthEndpointConfiguration$HealthEndpointGroupMembershipValidator$NoSuchHealthContributorException: Included health contributor 'kafka' in group 'readiness' does not exist
	at org.springframework.boot.actuate.autoconfigure.health.HealthEndpointConfiguration$HealthEndpointGroupMembershipValidator.validate(HealthEndpointConfiguration.java:259) ~[spring-boot-actuator-autoconfigure-3.1.5.jar:3.1.5]
	at org.springframework.boot.actuate.autoconfigure.health.HealthEndpointConfiguration$HealthEndpointGroupMembershipValidator.lambda$validateGroups$0(HealthEndpointConfiguration.java:244) ~[spring-boot-actuator-autoconfigure-3.1.5.jar:3.1.5]
	at java.base/java.util.LinkedHashMap.forEach(LinkedHashMap.java:729) ~[na:na]
	at org.springframework.boot.actuate.autoconfigure.health.HealthEndpointConfiguration$HealthEndpointGroupMembershipValidator.validateGroups(HealthEndpointConfiguration.java:243) ~[spring-boot-actuator-autoconfigure-3.1.5.jar:3.1.5]
	at org.springframework.boot.actuate.autoconfigure.health.HealthEndpointConfiguration$HealthEndpointGroupMembershipValidator.afterSingletonsInstantiated(HealthEndpointConfiguration.java:239) ~[spring-boot-actuator-autoconfigure-3.1.5.jar:3.1.5]
	at org.springframework.beans.factory.support.DefaultListableBeanFactory.preInstantiateSingletons(DefaultListableBeanFactory.java:984) ~[spring-beans-6.0.13.jar:6.0.13]
	at org.springframework.context.support.AbstractApplicationContext.finishBeanFactoryInitialization(AbstractApplicationContext.java:950) ~[spring-context-6.0.13.jar:6.0.13]
	at org.springframework.context.support.AbstractApplicationContext.refresh(AbstractApplicationContext.java:616) ~[spring-context-6.0.13.jar:6.0.13]
	at org.springframework.boot.web.servlet.context.ServletWebServerApplicationContext.refresh(ServletWebServerApplicationContext.java:146) ~[spring-boot-3.1.5.jar:3.1.5]
	at org.springframework.boot.SpringApplication.refresh(SpringApplication.java:738) ~[spring-boot-3.1.5.jar:3.1.5]
	at org.springframework.boot.SpringApplication.refreshContext(SpringApplication.java:440) ~[spring-boot-3.1.5.jar:3.1.5]
	at org.springframework.boot.SpringApplication.run(SpringApplication.java:316) ~[spring-boot-3.1.5.jar:3.1.5]
	at org.springframework.boot.SpringApplication.run(SpringApplication.java:1306) ~[spring-boot-3.1.5.jar:3.1.5]
	at org.springframework.boot.SpringApplication.run(SpringApplication.java:1295) ~[spring-boot-3.1.5.jar:3.1.5]
	at com.example.market.SpringBootMarket.main(SpringBootMarket.java:15) ~[main/:na]

2025-03-25T10:51:24.233+03:00  INFO 4896 --- [main] j.LocalContainerEntityManagerFactoryBean : Closing JPA EntityManagerFactory for persistence unit 'default'
2025-03-25T10:51:24.238+03:00  INFO 4896 --- [main] com.zaxxer.hikari.HikariDataSource       : HikariPool-1 - Shutdown initiated...
2025-03-25T10:51:24.241+03:00  INFO 4896 --- [main] com.zaxxer.hikari.HikariDataSource       : HikariPool-1 - Shutdown completed.
